<?xml version="1.0" encoding="UTF-8"?>
<!-- Generated by org.testng.reporters.JUnitReportReporter -->
<testsuite hostname="Parimal-PC" failures="0" tests="1" name="com.inetbanking.testCases.TC_AddCustomerTest_003" time="16.083" errors="0" timestamp="21 Sep 2021 19:12:35 GMT" skipped="0">
  <testcase classname="com.inetbanking.testCases.TC_AddCustomerTest_003" name="addNewCustomer" time="16.083"/>
</testsuite> <!-- com.inetbanking.testCases.TC_AddCustomerTest_003 -->
