<?xml version="1.0" encoding="UTF-8"?>
<!-- Generated by org.testng.reporters.JUnitReportReporter -->
<testsuite hostname="Parimal-PC" failures="0" tests="1" name="com.inetbanking.testCases.TC_LoginTest_001" time="3.284" errors="0" timestamp="05 Nov 2022 15:18:10 GMT" skipped="0">
  <testcase classname="com.inetbanking.testCases.TC_LoginTest_001" name="loginTest" time="3.284"/>
</testsuite> <!-- com.inetbanking.testCases.TC_LoginTest_001 -->
