<?xml version="1.0" encoding="UTF-8"?>
<!-- Generated by org.testng.reporters.JUnitReportReporter -->
<testsuite hostname="Parimal-PC" failures="0" tests="1" name="com.inetbanking.testCases.TC_LoginTest_001" time="1.683" errors="0" timestamp="21 Sep 2021 19:12:35 GMT" skipped="0">
  <testcase classname="com.inetbanking.testCases.TC_LoginTest_001" name="loginTest" time="1.683"/>
</testsuite> <!-- com.inetbanking.testCases.TC_LoginTest_001 -->
