<?xml version="1.0" encoding="UTF-8"?>
<!-- Generated by org.testng.reporters.JUnitReportReporter -->
<testsuite hostname="Parimal-PC" failures="0" tests="1" name="com.inetbanking.testCases.TC_AddCustomerTest_003" time="15.673" errors="0" timestamp="22 Sep 2021 06:52:50 GMT" skipped="0">
  <testcase classname="com.inetbanking.testCases.TC_AddCustomerTest_003" name="addNewCustomer" time="15.673"/>
</testsuite> <!-- com.inetbanking.testCases.TC_AddCustomerTest_003 -->
